<?xml version="1.0" encoding="UTF-8"?>
<coverage generated="1494613384">
  <project timestamp="1494613384">
    <package name="TodoPago">
      <file name="/var/dev/src/TodoPago/Dev/dev-sdk-php/TodoPago/lib/Client.php">
        <class name="Client" namespace="TodoPago">
          <metrics complexity="3" methods="2" coveredmethods="2" conditionals="0" coveredconditionals="0" statements="29" coveredstatements="29" elements="31" coveredelements="31"/>
        </class>
        <line num="9" type="method" name="__doRequest" visibility="public" complexity="2" crap="2" count="2"/>
        <line num="11" type="stmt" count="2"/>
        <line num="13" type="stmt" count="2"/>
        <line num="14" type="stmt" count="2"/>
        <line num="17" type="stmt" count="2"/>
        <line num="18" type="stmt" count="2"/>
        <line num="19" type="stmt" count="2"/>
        <line num="20" type="stmt" count="2"/>
        <line num="21" type="stmt" count="2"/>
        <line num="22" type="stmt" count="2"/>
        <line num="25" type="stmt" count="2"/>
        <line num="27" type="stmt" count="2"/>
        <line num="30" type="stmt" count="2"/>
        <line num="31" type="stmt" count="2"/>
        <line num="32" type="stmt" count="2"/>
        <line num="34" type="stmt" count="2"/>
        <line num="35" type="stmt" count="2"/>
        <line num="37" type="stmt" count="2"/>
        <line num="38" type="stmt" count="2"/>
        <line num="39" type="stmt" count="2"/>
        <line num="41" type="stmt" count="2"/>
        <line num="43" type="stmt" count="2"/>
        <line num="44" type="stmt" count="2"/>
        <line num="45" type="stmt" count="2"/>
        <line num="46" type="stmt" count="1"/>
        <line num="47" type="stmt" count="1"/>
        <line num="50" type="stmt" count="1"/>
        <line num="51" type="stmt" count="1"/>
        <line num="54" type="method" name="setCustomHeaders" visibility="public" complexity="1" crap="1" count="3"/>
        <line num="56" type="stmt" count="3"/>
        <line num="57" type="stmt" count="3"/>
        <metrics loc="58" ncloc="56" classes="1" methods="2" coveredmethods="2" conditionals="0" coveredconditionals="0" statements="29" coveredstatements="29" elements="31" coveredelements="31"/>
      </file>
      <file name="/var/dev/src/TodoPago/Dev/dev-sdk-php/TodoPago/lib/Sdk.php">
        <class name="Sdk" namespace="TodoPago">
          <metrics complexity="56" methods="32" coveredmethods="32" conditionals="0" coveredconditionals="0" statements="212" coveredstatements="212" elements="244" coveredelements="244"/>
        </class>
        <line num="4" type="stmt" count="1"/>
        <line num="6" type="stmt" count="1"/>
        <line num="7" type="stmt" count="1"/>
        <line num="8" type="stmt" count="1"/>
        <line num="9" type="stmt" count="1"/>
        <line num="10" type="stmt" count="1"/>
        <line num="12" type="stmt" count="1"/>
        <line num="13" type="stmt" count="1"/>
        <line num="15" type="stmt" count="1"/>
        <line num="29" type="method" name="__construct" visibility="public" complexity="3" crap="3" count="37"/>
        <line num="30" type="stmt" count="37"/>
        <line num="31" type="stmt" count="37"/>
        <line num="34" type="stmt" count="37"/>
        <line num="35" type="stmt" count="34"/>
        <line num="36" type="stmt" count="37"/>
        <line num="37" type="stmt" count="3"/>
        <line num="38" type="stmt" count="3"/>
        <line num="40" type="stmt" count="37"/>
        <line num="41" type="stmt" count="37"/>
        <line num="43" type="method" name="getEndpointForm" visibility="public" complexity="4" crap="4" count="4"/>
        <line num="44" type="stmt" count="4"/>
        <line num="45" type="stmt" count="1"/>
        <line num="46" type="stmt" count="4"/>
        <line num="47" type="stmt" count="1"/>
        <line num="48" type="stmt" count="1"/>
        <line num="49" type="stmt" count="2"/>
        <line num="50" type="stmt" count="1"/>
        <line num="51" type="stmt" count="1"/>
        <line num="52" type="stmt" count="1"/>
        <line num="55" type="stmt" count="4"/>
        <line num="56" type="stmt" count="1"/>
        <line num="58" type="method" name="getHeaderHttp" visibility="private" complexity="3" crap="3" count="37"/>
        <line num="59" type="stmt" count="37"/>
        <line num="60" type="stmt" count="37"/>
        <line num="61" type="stmt" count="37"/>
        <line num="62" type="stmt" count="37"/>
        <line num="63" type="stmt" count="37"/>
        <line num="65" type="stmt" count="37"/>
        <line num="66" type="stmt" count="37"/>
        <line num="72" type="method" name="setSoapClient" visibility="public" complexity="1" crap="1" count="17"/>
        <line num="73" type="stmt" count="17"/>
        <line num="74" type="stmt" count="17"/>
        <line num="81" type="method" name="setProxyParameters" visibility="public" complexity="1" crap="1" count="1"/>
        <line num="82" type="stmt" count="1"/>
        <line num="83" type="stmt" count="1"/>
        <line num="84" type="stmt" count="1"/>
        <line num="85" type="stmt" count="1"/>
        <line num="86" type="stmt" count="1"/>
        <line num="93" type="method" name="setConnectionTimeout" visibility="public" complexity="1" crap="1" count="1"/>
        <line num="94" type="stmt" count="1"/>
        <line num="95" type="stmt" count="1"/>
        <line num="102" type="method" name="setLocalCert" visibility="public" complexity="1" crap="1" count="1"/>
        <line num="103" type="stmt" count="1"/>
        <line num="104" type="stmt" count="1"/>
        <line num="110" type="method" name="sendAuthorizeRequest" visibility="public" complexity="1" crap="1" count="4"/>
        <line num="112" type="stmt" count="4"/>
        <line num="114" type="stmt" count="4"/>
        <line num="117" type="stmt" count="4"/>
        <line num="119" type="stmt" count="4"/>
        <line num="122" type="method" name="parseToAuthorizeRequest" visibility="private" complexity="1" crap="1" count="4"/>
        <line num="123" type="stmt" count="4"/>
        <line num="124" type="stmt" count="4"/>
        <line num="125" type="stmt" count="4"/>
        <line num="128" type="method" name="getClientSoap" visibility="private" complexity="4" crap="4" count="19"/>
        <line num="130" type="stmt" count="19"/>
        <line num="131" type="stmt" count="19"/>
        <line num="135" type="stmt" count="19"/>
        <line num="136" type="stmt" count="19"/>
        <line num="138" type="stmt" count="19"/>
        <line num="139" type="stmt" count="19"/>
        <line num="141" type="stmt" count="19"/>
        <line num="142" type="stmt" count="19"/>
        <line num="145" type="stmt" count="19"/>
        <line num="146" type="stmt" count="17"/>
        <line num="147" type="stmt" count="17"/>
        <line num="148" type="stmt" count="17"/>
        <line num="149" type="stmt" count="17"/>
        <line num="150" type="stmt" count="17"/>
        <line num="151" type="stmt" count="17"/>
        <line num="152" type="stmt" count="17"/>
        <line num="153" type="stmt" count="17"/>
        <line num="154" type="stmt" count="17"/>
        <line num="155" type="stmt" count="17"/>
        <line num="156" type="stmt" count="17"/>
        <line num="157" type="stmt" count="17"/>
        <line num="160" type="stmt" count="2"/>
        <line num="161" type="stmt" count="1"/>
        <line num="162" type="stmt" count="1"/>
        <line num="163" type="stmt" count="1"/>
        <line num="164" type="stmt" count="1"/>
        <line num="165" type="stmt" count="1"/>
        <line num="166" type="stmt" count="1"/>
        <line num="167" type="stmt" count="1"/>
        <line num="168" type="stmt" count="1"/>
        <line num="169" type="stmt" count="1"/>
        <line num="170" type="stmt" count="1"/>
        <line num="171" type="stmt" count="1"/>
        <line num="173" type="stmt" count="2"/>
        <line num="174" type="stmt" count="1"/>
        <line num="175" type="stmt" count="1"/>
        <line num="176" type="stmt" count="1"/>
        <line num="177" type="stmt" count="1"/>
        <line num="178" type="stmt" count="1"/>
        <line num="179" type="stmt" count="1"/>
        <line num="180" type="stmt" count="1"/>
        <line num="181" type="stmt" count="1"/>
        <line num="182" type="stmt" count="1"/>
        <line num="183" type="stmt" count="1"/>
        <line num="184" type="stmt" count="1"/>
        <line num="185" type="stmt" count="1"/>
        <line num="187" type="stmt" count="2"/>
        <line num="190" type="method" name="getAuthorizeRequestResponse" visibility="private" complexity="2" crap="2" count="4"/>
        <line num="191" type="stmt" count="4"/>
        <line num="192" type="stmt" count="4"/>
        <line num="194" type="stmt" count="4"/>
        <line num="195" type="stmt" count="1"/>
        <line num="196" type="stmt" count="1"/>
        <line num="197" type="stmt" count="1"/>
        <line num="198" type="stmt" count="4"/>
        <line num="201" type="method" name="parseAuthorizeRequestResponseToArray" visibility="private" complexity="1" crap="1" count="4"/>
        <line num="202" type="stmt" count="4"/>
        <line num="204" type="stmt" count="4"/>
        <line num="207" type="method" name="sanitizeValue" visibility="public" complexity="1" crap="1" count="5"/>
        <line num="208" type="stmt" count="5"/>
        <line num="209" type="stmt" count="5"/>
        <line num="210" type="stmt" count="5"/>
        <line num="211" type="stmt" count="5"/>
        <line num="212" type="stmt" count="5"/>
        <line num="213" type="stmt" count="5"/>
        <line num="214" type="stmt" count="5"/>
        <line num="215" type="stmt" count="5"/>
        <line num="216" type="stmt" count="5"/>
        <line num="217" type="stmt" count="5"/>
        <line num="220" type="method" name="getPayload" visibility="private" complexity="3" crap="3" count="4"/>
        <line num="221" type="stmt" count="4"/>
        <line num="222" type="stmt" count="4"/>
        <line num="223" type="stmt" count="4"/>
        <line num="224" type="stmt" count="4"/>
        <line num="225" type="stmt" count="4"/>
        <line num="226" type="stmt" count="4"/>
        <line num="227" type="stmt" count="4"/>
        <line num="229" type="stmt" count="4"/>
        <line num="230" type="stmt" count="4"/>
        <line num="231" type="stmt" count="4"/>
        <line num="232" type="stmt" count="4"/>
        <line num="235" type="stmt" count="4"/>
        <line num="236" type="stmt" count="4"/>
        <line num="238" type="stmt" count="4"/>
        <line num="245" type="method" name="getAuthorizeAnswer" visibility="public" complexity="1" crap="1" count="7"/>
        <line num="246" type="stmt" count="7"/>
        <line num="248" type="stmt" count="7"/>
        <line num="250" type="stmt" count="7"/>
        <line num="252" type="stmt" count="7"/>
        <line num="255" type="method" name="parseToAuthorizeAnswer" visibility="private" complexity="1" crap="1" count="7"/>
        <line num="257" type="stmt" count="7"/>
        <line num="259" type="stmt" count="7"/>
        <line num="262" type="method" name="getAuthorizeAnswerResponse" visibility="private" complexity="2" crap="2" count="7"/>
        <line num="263" type="stmt" count="7"/>
        <line num="264" type="stmt" count="7"/>
        <line num="266" type="stmt" count="7"/>
        <line num="267" type="stmt" count="1"/>
        <line num="268" type="stmt" count="1"/>
        <line num="269" type="stmt" count="1"/>
        <line num="271" type="stmt" count="7"/>
        <line num="274" type="method" name="parseAuthorizeAnswerResponseToArray" visibility="private" complexity="1" crap="1" count="7"/>
        <line num="275" type="stmt" count="7"/>
        <line num="277" type="stmt" count="7"/>
        <line num="281" type="method" name="voidRequest" visibility="public" complexity="1" crap="1" count="3"/>
        <line num="282" type="stmt" count="3"/>
        <line num="284" type="stmt" count="3"/>
        <line num="286" type="stmt" count="3"/>
        <line num="288" type="stmt" count="3"/>
        <line num="291" type="method" name="parseToVoidRequest" visibility="private" complexity="1" crap="1" count="3"/>
        <line num="293" type="stmt" count="3"/>
        <line num="295" type="stmt" count="3"/>
        <line num="298" type="method" name="getVoidRequestResponse" visibility="private" complexity="2" crap="2" count="3"/>
        <line num="299" type="stmt" count="3"/>
        <line num="300" type="stmt" count="3"/>
        <line num="302" type="stmt" count="3"/>
        <line num="303" type="stmt" count="1"/>
        <line num="304" type="stmt" count="1"/>
        <line num="305" type="stmt" count="1"/>
        <line num="307" type="stmt" count="3"/>
        <line num="310" type="method" name="parseVoidRequestResponseToArray" visibility="private" complexity="1" crap="1" count="3"/>
        <line num="311" type="stmt" count="3"/>
        <line num="313" type="stmt" count="3"/>
        <line num="317" type="method" name="returnRequest" visibility="public" complexity="1" crap="1" count="3"/>
        <line num="318" type="stmt" count="3"/>
        <line num="320" type="stmt" count="3"/>
        <line num="322" type="stmt" count="3"/>
        <line num="324" type="stmt" count="3"/>
        <line num="327" type="method" name="parseToReturnRequest" visibility="private" complexity="1" crap="1" count="3"/>
        <line num="329" type="stmt" count="3"/>
        <line num="331" type="stmt" count="3"/>
        <line num="334" type="method" name="getReturnRequestResponse" visibility="private" complexity="2" crap="2" count="3"/>
        <line num="335" type="stmt" count="3"/>
        <line num="336" type="stmt" count="3"/>
        <line num="338" type="stmt" count="3"/>
        <line num="339" type="stmt" count="1"/>
        <line num="340" type="stmt" count="1"/>
        <line num="341" type="stmt" count="1"/>
        <line num="343" type="stmt" count="3"/>
        <line num="346" type="method" name="parseReturnRequestResponseToArray" visibility="private" complexity="1" crap="1" count="3"/>
        <line num="347" type="stmt" count="3"/>
        <line num="349" type="stmt" count="3"/>
        <line num="353" type="method" name="discoverPaymentMethods" visibility="public" complexity="1" crap="1" count="2"/>
        <line num="354" type="stmt" count="2"/>
        <line num="355" type="stmt" count="2"/>
        <line num="358" type="method" name="getStatus" visibility="public" complexity="1" crap="1" count="3"/>
        <line num="359" type="stmt" count="3"/>
        <line num="360" type="stmt" count="3"/>
        <line num="363" type="method" name="getAllPaymentMethods" visibility="public" complexity="1" crap="1" count="2"/>
        <line num="364" type="stmt" count="2"/>
        <line num="365" type="stmt" count="2"/>
        <line num="368" type="method" name="getByRangeDateTime" visibility="public" complexity="2" crap="2" count="1"/>
        <line num="369" type="stmt" count="1"/>
        <line num="370" type="stmt" count="1"/>
        <line num="371" type="stmt" count="1"/>
        <line num="374" type="method" name="getCredentials" visibility="public" complexity="3" crap="3" count="6"/>
        <line num="375" type="stmt" count="6"/>
        <line num="376" type="stmt" count="6"/>
        <line num="378" type="stmt" count="4"/>
        <line num="380" type="stmt" count="4"/>
        <line num="381" type="stmt" count="1"/>
        <line num="383" type="stmt" count="3"/>
        <line num="384" type="stmt" count="2"/>
        <line num="387" type="stmt" count="1"/>
        <line num="388" type="stmt" count="1"/>
        <line num="390" type="stmt" count="1"/>
        <line num="393" type="method" name="doRest" visibility="private" complexity="6" crap="6" count="12"/>
        <line num="394" type="stmt" count="12"/>
        <line num="395" type="stmt" count="12"/>
        <line num="396" type="stmt" count="12"/>
        <line num="397" type="stmt" count="12"/>
        <line num="399" type="stmt" count="12"/>
        <line num="400" type="stmt" count="12"/>
        <line num="402" type="stmt" count="12"/>
        <line num="403" type="stmt" count="4"/>
        <line num="404" type="stmt" count="4"/>
        <line num="405" type="stmt" count="4"/>
        <line num="407" type="stmt" count="12"/>
        <line num="408" type="stmt" count="12"/>
        <line num="409" type="stmt" count="12"/>
        <line num="410" type="stmt" count="12"/>
        <line num="412" type="stmt" count="12"/>
        <line num="413" type="stmt" count="12"/>
        <line num="415" type="stmt" count="12"/>
        <line num="417" type="stmt" count="12"/>
        <line num="418" type="stmt" count="1"/>
        <line num="419" type="stmt" count="1"/>
        <line num="420" type="stmt" count="12"/>
        <line num="421" type="stmt" count="3"/>
        <line num="423" type="stmt" count="9"/>
        <metrics loc="425" ncloc="391" classes="1" methods="32" coveredmethods="32" conditionals="0" coveredconditionals="0" statements="221" coveredstatements="221" elements="253" coveredelements="253"/>
      </file>
    </package>
    <package name="TodoPago\Data">
      <file name="/var/dev/src/TodoPago/Dev/dev-sdk-php/TodoPago/lib/Data/User.php">
        <class name="User" namespace="TodoPago\Data">
          <metrics complexity="13" methods="10" coveredmethods="10" conditionals="0" coveredconditionals="0" statements="27" coveredstatements="27" elements="37" coveredelements="37"/>
        </class>
        <line num="11" type="method" name="__construct" visibility="public" complexity="2" crap="2" count="9"/>
        <line num="12" type="stmt" count="9"/>
        <line num="13" type="stmt" count="1"/>
        <line num="14" type="stmt" count="1"/>
        <line num="15" type="stmt" count="1"/>
        <line num="16" type="stmt" count="8"/>
        <line num="17" type="stmt" count="8"/>
        <line num="20" type="stmt" count="9"/>
        <line num="22" type="method" name="getUser" visibility="public" complexity="1" crap="1" count="9"/>
        <line num="23" type="stmt" count="9"/>
        <line num="26" type="method" name="setUser" visibility="public" complexity="1" crap="1" count="2"/>
        <line num="27" type="stmt" count="2"/>
        <line num="28" type="stmt" count="2"/>
        <line num="30" type="method" name="getPassword" visibility="public" complexity="1" crap="1" count="8"/>
        <line num="31" type="stmt" count="8"/>
        <line num="34" type="method" name="setPassword" visibility="public" complexity="1" crap="1" count="2"/>
        <line num="35" type="stmt" count="2"/>
        <line num="36" type="stmt" count="2"/>
        <line num="38" type="method" name="getMerchant" visibility="public" complexity="1" crap="1" count="1"/>
        <line num="39" type="stmt" count="1"/>
        <line num="42" type="method" name="setMerchant" visibility="public" complexity="1" crap="1" count="1"/>
        <line num="43" type="stmt" count="1"/>
        <line num="44" type="stmt" count="1"/>
        <line num="46" type="method" name="getApikey" visibility="public" complexity="1" crap="1" count="1"/>
        <line num="47" type="stmt" count="1"/>
        <line num="50" type="method" name="setApikey" visibility="public" complexity="1" crap="1" count="1"/>
        <line num="51" type="stmt" count="1"/>
        <line num="52" type="stmt" count="1"/>
        <line num="54" type="method" name="getData" visibility="public" complexity="3" crap="3" count="9"/>
        <line num="55" type="stmt" count="9"/>
        <line num="56" type="stmt" count="1"/>
        <line num="58" type="stmt" count="8"/>
        <line num="59" type="stmt" count="1"/>
        <line num="63" type="stmt" count="7"/>
        <line num="64" type="stmt" count="7"/>
        <line num="65" type="stmt" count="7"/>
        <line num="67" type="stmt" count="7"/>
        <metrics loc="68" ncloc="68" classes="1" methods="10" coveredmethods="10" conditionals="0" coveredconditionals="0" statements="27" coveredstatements="27" elements="37" coveredelements="37"/>
      </file>
    </package>
    <package name="TodoPago\Exception">
      <file name="/var/dev/src/TodoPago/Dev/dev-sdk-php/TodoPago/lib/Exception/ConnectionException.php">
        <class name="ConnectionException" namespace="TodoPago\Exception">
          <metrics complexity="0" methods="0" coveredmethods="0" conditionals="0" coveredconditionals="0" statements="0" coveredstatements="0" elements="0" coveredelements="0"/>
        </class>
        <metrics loc="6" ncloc="6" classes="0" methods="0" coveredmethods="0" conditionals="0" coveredconditionals="0" statements="0" coveredstatements="0" elements="0" coveredelements="0"/>
      </file>
      <file name="/var/dev/src/TodoPago/Dev/dev-sdk-php/TodoPago/lib/Exception/ResponseException.php">
        <class name="ResponseException" namespace="TodoPago\Exception">
          <metrics complexity="0" methods="0" coveredmethods="0" conditionals="0" coveredconditionals="0" statements="0" coveredstatements="0" elements="0" coveredelements="0"/>
        </class>
        <metrics loc="6" ncloc="6" classes="0" methods="0" coveredmethods="0" conditionals="0" coveredconditionals="0" statements="0" coveredstatements="0" elements="0" coveredelements="0"/>
      </file>
    </package>
    <package name="TodoPago\Exception\Data">
      <file name="/var/dev/src/TodoPago/Dev/dev-sdk-php/TodoPago/lib/Exception/Data/EmptyFieldException.php">
        <class name="EmptyFieldException" namespace="TodoPago\Exception\Data">
          <metrics complexity="2" methods="1" coveredmethods="1" conditionals="0" coveredconditionals="0" statements="6" coveredstatements="6" elements="7" coveredelements="7"/>
        </class>
        <line num="9" type="method" name="__construct" visibility="public" complexity="2" crap="2" count="3"/>
        <line num="10" type="stmt" count="3"/>
        <line num="11" type="stmt" count="1"/>
        <line num="12" type="stmt" count="1"/>
        <line num="13" type="stmt" count="2"/>
        <line num="15" type="stmt" count="3"/>
        <line num="16" type="stmt" count="3"/>
        <metrics loc="17" ncloc="17" classes="1" methods="1" coveredmethods="1" conditionals="0" coveredconditionals="0" statements="6" coveredstatements="6" elements="7" coveredelements="7"/>
      </file>
      <file name="/var/dev/src/TodoPago/Dev/dev-sdk-php/TodoPago/lib/Exception/Data/EmptyFieldPasswordException.php">
        <class name="EmptyFieldPasswordException" namespace="TodoPago\Exception\Data">
          <metrics complexity="1" methods="1" coveredmethods="1" conditionals="0" coveredconditionals="0" statements="2" coveredstatements="2" elements="3" coveredelements="3"/>
        </class>
        <line num="7" type="method" name="__construct" visibility="public" complexity="1" crap="1" count="1"/>
        <line num="8" type="stmt" count="1"/>
        <line num="9" type="stmt" count="1"/>
        <metrics loc="11" ncloc="11" classes="1" methods="1" coveredmethods="1" conditionals="0" coveredconditionals="0" statements="2" coveredstatements="2" elements="3" coveredelements="3"/>
      </file>
      <file name="/var/dev/src/TodoPago/Dev/dev-sdk-php/TodoPago/lib/Exception/Data/EmptyFieldUserException.php">
        <class name="EmptyFieldUserException" namespace="TodoPago\Exception\Data">
          <metrics complexity="1" methods="1" coveredmethods="1" conditionals="0" coveredconditionals="0" statements="2" coveredstatements="2" elements="3" coveredelements="3"/>
        </class>
        <line num="7" type="method" name="__construct" visibility="public" complexity="1" crap="1" count="1"/>
        <line num="8" type="stmt" count="1"/>
        <line num="9" type="stmt" count="1"/>
        <metrics loc="10" ncloc="10" classes="1" methods="1" coveredmethods="1" conditionals="0" coveredconditionals="0" statements="2" coveredstatements="2" elements="3" coveredelements="3"/>
      </file>
    </package>
    <metrics files="8" loc="601" ncloc="565" classes="6" methods="47" coveredmethods="47" conditionals="0" coveredconditionals="0" statements="287" coveredstatements="287" elements="334" coveredelements="334"/>
  </project>
</coverage>
